<table class='adminlist'><tr><td><pre>Time : 10/07/2018 - 17:57:30<br/>HTTP_X_FORWARDED_FOR : 42.118.214.162, 162.158.165.124
From IP : 127.0.0.1<br/>From host : <br/>From port : 59468<br/>From user agent : Mozilla/5.0 (Macintosh; Intel Mac OS X 10_11_6) AppleWebKit/537.36 (KHTML, like Gecko) Chrome/67.0.3396.99 Safari/537.36<br/>Script file name : /home/levanluyen/www/api1/ajax/adduser.php<br/></td>
<td><pre>Error Msg : SQLSTATE[23000]: Integrity constraint violation: 1062 Duplicate entry '0902001122' for key 'phone'<br/>Sql : INSERT Users VALUES(NULL,?,?,?,?,?,?,?,?,?,?,?,?,?)</td>
<td><pre>Data : Array
(
    [0] => 221
    [1] => touyen
    [2] => 0902001122
    [3] => 0
    [4] => 9959b196d431414dc21de71a0dcad77b
    [5] => 3b62995526ffe8c37e1aef63711b7837fa617e1560ac206b4ce53917eb1c857d
    [6] => 25d55ad283aa400af464c76d713c07ad
    [7] => 1
    [8] => 8bb3a57d4069ff8d48fc40f18d63a6df
    [9] => 3
    [10] => 1531220250
    [11] => 0
    [12] => 1
)
</td>
</tr></table>
